<?xml version="1.0" encoding="UTF-8"?>
<testng-results ignored="0" total="1" passed="1" failed="0" skipped="0">
  <reporter-output>
  </reporter-output>
  <suite started-at="2026-01-05T14:16:02 EET" name="Surefire suite" finished-at="2026-01-05T14:16:02 EET" duration-ms="37">
    <groups>
    </groups>
    <test started-at="2026-01-05T14:16:02 EET" name="Surefire test" finished-at="2026-01-05T14:16:02 EET" duration-ms="37">
      <class name="com.paw.engbridge.ApiGatewayApplicationTests">
        <test-method signature="contextLoads()[pri:0, instance:com.paw.engbridge.ApiGatewayApplicationTests@245b4bdc]" started-at="2026-01-05T14:16:02 EET" name="contextLoads" finished-at="2026-01-05T14:16:02 EET" duration-ms="4" status="PASS">
          <reporter-output>
          </reporter-output>
        </test-method> <!-- contextLoads -->
      </class> <!-- com.paw.engbridge.ApiGatewayApplicationTests -->
    </test> <!-- Surefire test -->
  </suite> <!-- Surefire suite -->
</testng-results>
